<?xml version="1.0" encoding="UTF-8"?>
<testsuite name="testes.CalculadoraTeste" tests="1" skipped="0" failures="0" errors="0" timestamp="2020-11-07T17:31:04" hostname="RafaelNGP-Note" time="0.008">
  <properties/>
  <testcase name="somaDoisValores" classname="testes.CalculadoraTeste" time="0.008"/>
  <system-out><![CDATA[]]></system-out>
  <system-err><![CDATA[]]></system-err>
</testsuite>
